<?xml version="1.0" encoding="UTF-8"?>
<testsuite xmlns:xsi="http://www.w3.org/2001/XMLSchema-instance" xsi:noNamespaceSchemaLocation="https://maven.apache.org/surefire/maven-surefire-plugin/xsd/surefire-test-report.xsd" version="3.0.2" name="ru.alligator.employee.EmployeeApplicationTests" time="15.85" tests="1" errors="0" skipped="0" failures="0">
  <properties>
[...]
</properties>
  <testcase name="contextLoads" classname="ru.alligator.employee.EmployeeApplicationTests" time="0.771">
    <system-out><![CDATA[14:06:16.837 [main] INFO org.springframework.test.context.support.AnnotationConfigContextLoaderUtils -- Could not detect default configuration classes for test class [ru.alligator.employee.EmployeeApplicationTests]: EmployeeApplicationTests does not declare any static, non-private, non-final, nested classes annotated with @Configuration.
14:06:17.346 [main] INFO org.springframework.boot.test.context.SpringBootTestContextBootstrapper -- Found @SpringBootConfiguration ru.alligator.employee.EmployeeApplication for test class ru.alligator.employee.EmployeeApplicationTests

  .   ____          _            __ _ _
 /\\ / ___'_ __ _ _(_)_ __  __ _ \ \ \ \
( ( )\___ | '_ | '_| | '_ \/ _` | \ \ \ \
 \\/  ___)| |_)| | | | | || (_| |  ) ) ) )
  '  |____| .__|_| |_|_| |_\__, | / / / /
 =========|_|==============|___/=/_/_/_/

 :: Spring Boot ::                (v3.5.6)

2025-10-05T14:06:18.809+03:00  INFO 791568 --- [employee] [           main] r.a.employee.EmployeeApplicationTests    : Starting EmployeeApplicationTests using Java 21.0.8 with PID 791568 (started by misha in /home/misha/employee)
2025-10-05T14:06:18.813+03:00  INFO 791568 --- [employee] [           main] r.a.employee.EmployeeApplicationTests    : The following 1 profile is active: "test"
2025-10-05T14:06:20.551+03:00  INFO 791568 --- [employee] [           main] .s.d.r.c.RepositoryConfigurationDelegate : Bootstrapping Spring Data JPA repositories in DEFAULT mode.
2025-10-05T14:06:20.585+03:00  INFO 791568 --- [employee] [           main] .s.d.r.c.RepositoryConfigurationDelegate : Finished Spring Data repository scanning in 18 ms. Found 0 JPA repository interfaces.
2025-10-05T14:06:21.109+03:00  INFO 791568 --- [employee] [           main] com.zaxxer.hikari.HikariDataSource       : HikariPool-1 - Starting...
2025-10-05T14:06:21.200+03:00  INFO 791568 --- [employee] [           main] org.testcontainers.images.PullPolicy     : Image pull policy will be performed by: DefaultPullPolicy()
2025-10-05T14:06:21.205+03:00  INFO 791568 --- [employee] [           main] o.t.utility.ImageNameSubstitutor         : Image name substitution will be performed by: DefaultImageNameSubstitutor (composite of 'ConfigurationFileImageNameSubstitutor' and 'PrefixingImageNameSubstitutor')
2025-10-05T14:06:21.221+03:00  INFO 791568 --- [employee] [           main] org.testcontainers.DockerClientFactory   : Testcontainers version: 1.21.3
2025-10-05T14:06:21.513+03:00  INFO 791568 --- [employee] [           main] o.t.d.DockerClientProviderStrategy       : Loaded org.testcontainers.dockerclient.UnixSocketClientProviderStrategy from ~/.testcontainers.properties, will try it first
2025-10-05T14:06:22.140+03:00  INFO 791568 --- [employee] [           main] o.t.d.DockerClientProviderStrategy       : Found Docker environment with local Unix socket (unix:///var/run/docker.sock)
2025-10-05T14:06:22.143+03:00  INFO 791568 --- [employee] [           main] org.testcontainers.DockerClientFactory   : Docker host IP address is localhost
2025-10-05T14:06:22.172+03:00  INFO 791568 --- [employee] [           main] org.testcontainers.DockerClientFactory   : Connected to docker: 
  Server Version: 28.1.1
  API Version: 1.49
  Operating System: Ubuntu 22.04.5 LTS
  Total Memory: 4753 MB
2025-10-05T14:06:22.243+03:00  INFO 791568 --- [employee] [           main] tc.testcontainers/ryuk:0.12.0            : Creating container for image: testcontainers/ryuk:0.12.0
2025-10-05T14:06:22.253+03:00  INFO 791568 --- [employee] [           main] o.t.utility.RegistryAuthLocator          : Failure when attempting to lookup auth config. Please ignore if you don't have images in an authenticated registry. Details: (dockerImageName: testcontainers/ryuk:0.12.0, configFile: /home/misha/.docker/config.json, configEnv: DOCKER_AUTH_CONFIG). Falling back to docker-java default behaviour. Exception message: Status 404: No config supplied. Checked in order: /home/misha/.docker/config.json (file not found), DOCKER_AUTH_CONFIG (not set)
2025-10-05T14:06:22.501+03:00  INFO 791568 --- [employee] [           main] tc.testcontainers/ryuk:0.12.0            : Container testcontainers/ryuk:0.12.0 is starting: 50a5e3cee946e97e10fd4a12b29841c9fa1de1c43cc3e8b5ba6424bc85fe3114
2025-10-05T14:06:23.196+03:00  INFO 791568 --- [employee] [           main] tc.testcontainers/ryuk:0.12.0            : Container testcontainers/ryuk:0.12.0 started in PT0.953772759S
2025-10-05T14:06:23.208+03:00  INFO 791568 --- [employee] [           main] o.t.utility.RyukResourceReaper           : Ryuk started - will monitor and terminate Testcontainers containers on JVM exit
2025-10-05T14:06:23.209+03:00  INFO 791568 --- [employee] [           main] org.testcontainers.DockerClientFactory   : Checking the system...
2025-10-05T14:06:23.209+03:00  INFO 791568 --- [employee] [           main] org.testcontainers.DockerClientFactory   : ✔︎ Docker server version should be at least 1.6.0
2025-10-05T14:06:23.210+03:00  INFO 791568 --- [employee] [           main] tc.postgres:15                           : Creating container for image: postgres:15
2025-10-05T14:06:23.285+03:00  INFO 791568 --- [employee] [           main] tc.postgres:15                           : Container postgres:15 is starting: cd65829214df3b0d9c57d7380af599d2c1d03dca0072d794cf98da54ce96efb0
2025-10-05T14:06:25.505+03:00  INFO 791568 --- [employee] [           main] tc.postgres:15                           : Container postgres:15 started in PT2.294681574S
2025-10-05T14:06:25.506+03:00  INFO 791568 --- [employee] [           main] tc.postgres:15                           : Container is started (JDBC URL: jdbc:postgresql://localhost:32783/test?loggerLevel=OFF)
2025-10-05T14:06:25.806+03:00  INFO 791568 --- [employee] [           main] com.zaxxer.hikari.pool.HikariPool        : HikariPool-1 - Added connection org.testcontainers.jdbc.ConnectionWrapper@e706aa
2025-10-05T14:06:25.808+03:00  INFO 791568 --- [employee] [           main] com.zaxxer.hikari.HikariDataSource       : HikariPool-1 - Start completed.
2025-10-05T14:06:26.059+03:00  INFO 791568 --- [employee] [           main] liquibase.database                       : Set default schema name to public
2025-10-05T14:06:26.700+03:00  INFO 791568 --- [employee] [           main] liquibase.changelog                      : Creating database history table with name: public.databasechangelog
2025-10-05T14:06:26.789+03:00  INFO 791568 --- [employee] [           main] liquibase.changelog                      : Reading from public.databasechangelog
2025-10-05T14:06:26.821+03:00  INFO 791568 --- [employee] [           main] liquibase.snapshot                       : Creating snapshot
2025-10-05T14:06:26.912+03:00  INFO 791568 --- [employee] [           main] liquibase.lockservice                    : Successfully acquired change log lock
2025-10-05T14:06:26.914+03:00  INFO 791568 --- [employee] [           main] liquibase.command                        : Using deploymentId: 9662381075
2025-10-05T14:06:26.917+03:00  INFO 791568 --- [employee] [           main] liquibase.changelog                      : Reading from public.databasechangelog
2025-10-05T14:06:26.990+03:00  INFO 791568 --- [employee] [           main] liquibase.ui                             : Running Changeset: db/changelog/v1_init_database_schema.sql::1719839383701-1::Admin
2025-10-05T14:06:27.011+03:00  INFO 791568 --- [employee] [           main] liquibase.changelog                      : Custom SQL executed
2025-10-05T14:06:27.013+03:00  INFO 791568 --- [employee] [           main] liquibase.changelog                      : ChangeSet db/changelog/v1_init_database_schema.sql::1719839383701-1::Admin ran successfully in 21ms
2025-10-05T14:06:27.022+03:00  INFO 791568 --- [employee] [           main] liquibase.ui                             : Running Changeset: db/changelog/v1_init_database_schema.sql::1719839383701-2::Admin
2025-10-05T14:06:27.045+03:00  INFO 791568 --- [employee] [           main] liquibase.changelog                      : Custom SQL executed
2025-10-05T14:06:27.047+03:00  INFO 791568 --- [employee] [           main] liquibase.changelog                      : ChangeSet db/changelog/v1_init_database_schema.sql::1719839383701-2::Admin ran successfully in 25ms
2025-10-05T14:06:27.052+03:00  INFO 791568 --- [employee] [           main] liquibase.ui                             : Running Changeset: db/changelog/v1_init_database_schema.sql::1719839383701-3::Admin
2025-10-05T14:06:27.059+03:00  INFO 791568 --- [employee] [           main] liquibase.changelog                      : Custom SQL executed
2025-10-05T14:06:27.060+03:00  INFO 791568 --- [employee] [           main] liquibase.changelog                      : ChangeSet db/changelog/v1_init_database_schema.sql::1719839383701-3::Admin ran successfully in 7ms
2025-10-05T14:06:27.064+03:00  INFO 791568 --- [employee] [           main] liquibase.ui                             : Running Changeset: db/changelog/v1_init_database_schema.sql::1719839383701-4::Admin
2025-10-05T14:06:27.071+03:00  INFO 791568 --- [employee] [           main] liquibase.changelog                      : Custom SQL executed
2025-10-05T14:06:27.074+03:00  INFO 791568 --- [employee] [           main] liquibase.changelog                      : ChangeSet db/changelog/v1_init_database_schema.sql::1719839383701-4::Admin ran successfully in 8ms
2025-10-05T14:06:27.079+03:00  INFO 791568 --- [employee] [           main] liquibase.ui                             : Running Changeset: db/changelog/v1_init_database_schema.sql::1719839383701-5::Admin
2025-10-05T14:06:27.085+03:00  INFO 791568 --- [employee] [           main] liquibase.changelog                      : Custom SQL executed
2025-10-05T14:06:27.086+03:00  INFO 791568 --- [employee] [           main] liquibase.changelog                      : ChangeSet db/changelog/v1_init_database_schema.sql::1719839383701-5::Admin ran successfully in 6ms
2025-10-05T14:06:27.097+03:00  INFO 791568 --- [employee] [           main] liquibase.util                           : UPDATE SUMMARY
2025-10-05T14:06:27.097+03:00  INFO 791568 --- [employee] [           main] liquibase.util                           : Run:                          5
2025-10-05T14:06:27.097+03:00  INFO 791568 --- [employee] [           main] liquibase.util                           : Previously run:               0
2025-10-05T14:06:27.097+03:00  INFO 791568 --- [employee] [           main] liquibase.util                           : Filtered out:                 0
2025-10-05T14:06:27.098+03:00  INFO 791568 --- [employee] [           main] liquibase.util                           : -------------------------------
2025-10-05T14:06:27.098+03:00  INFO 791568 --- [employee] [           main] liquibase.util                           : Total change sets:            5
2025-10-05T14:06:27.099+03:00  INFO 791568 --- [employee] [           main] liquibase.util                           : Update summary generated
2025-10-05T14:06:27.104+03:00  INFO 791568 --- [employee] [           main] liquibase.command                        : Update command completed successfully.
2025-10-05T14:06:27.104+03:00  INFO 791568 --- [employee] [           main] liquibase.ui                             : Liquibase: Update has been successful. Rows affected: 5
2025-10-05T14:06:27.108+03:00  INFO 791568 --- [employee] [           main] liquibase.lockservice                    : Successfully released change log lock
2025-10-05T14:06:27.110+03:00  INFO 791568 --- [employee] [           main] liquibase.command                        : Command execution complete
2025-10-05T14:06:28.733+03:00  INFO 791568 --- [employee] [           main] o.hibernate.jpa.internal.util.LogHelper  : HHH000204: Processing PersistenceUnitInfo [name: default]
2025-10-05T14:06:28.932+03:00  INFO 791568 --- [employee] [           main] org.hibernate.Version                    : HHH000412: Hibernate ORM core version 6.6.29.Final
2025-10-05T14:06:29.096+03:00  INFO 791568 --- [employee] [           main] o.h.c.internal.RegionFactoryInitiator    : HHH000026: Second-level cache disabled
2025-10-05T14:06:29.535+03:00  INFO 791568 --- [employee] [           main] o.s.o.j.p.SpringPersistenceUnitInfo      : No LoadTimeWeaver setup: ignoring JPA class transformer
2025-10-05T14:06:29.646+03:00  WARN 791568 --- [employee] [           main] org.hibernate.orm.deprecation            : HHH90000025: PostgreSQLDialect does not need to be specified explicitly using 'hibernate.dialect' (remove the property setting and it will be selected by default)
2025-10-05T14:06:29.665+03:00  INFO 791568 --- [employee] [           main] org.hibernate.orm.connections.pooling    : HHH10001005: Database info:
	Database JDBC URL [Connecting through datasource 'HikariDataSource (HikariPool-1)']
	Database driver: undefined/unknown
	Database version: 15.14
	Autocommit mode: undefined/unknown
	Isolation level: undefined/unknown
	Minimum pool size: undefined/unknown
	Maximum pool size: undefined/unknown
2025-10-05T14:06:30.119+03:00  INFO 791568 --- [employee] [           main] o.h.e.t.j.p.i.JtaPlatformInitiator       : HHH000489: No JTA platform available (set 'hibernate.transaction.jta.platform' to enable JTA platform integration)
2025-10-05T14:06:30.125+03:00  INFO 791568 --- [employee] [           main] j.LocalContainerEntityManagerFactoryBean : Initialized JPA EntityManagerFactory for persistence unit 'default'
2025-10-05T14:06:30.323+03:00  WARN 791568 --- [employee] [           main] JpaBaseConfiguration$JpaWebConfiguration : spring.jpa.open-in-view is enabled by default. Therefore, database queries may be performed during view rendering. Explicitly configure spring.jpa.open-in-view to disable this warning
2025-10-05T14:06:31.241+03:00  INFO 791568 --- [employee] [           main] o.s.b.a.e.web.EndpointLinksResolver      : Exposing 1 endpoint beneath base path '/actuator'
2025-10-05T14:06:31.371+03:00  INFO 791568 --- [employee] [           main] r.a.employee.EmployeeApplicationTests    : Started EmployeeApplicationTests in 13.428 seconds (process running for 15.871)
]]></system-out>
    <system-err><![CDATA[Mockito is currently self-attaching to enable the inline-mock-maker. This will no longer work in future releases of the JDK. Please add Mockito as an agent to your build as described in Mockito's documentation: https://javadoc.io/doc/org.mockito/mockito-core/latest/org.mockito/org/mockito/Mockito.html#0.3
WARNING: A Java agent has been loaded dynamically (/home/misha/.m2/repository/net/bytebuddy/byte-buddy-agent/1.17.7/byte-buddy-agent-1.17.7.jar)
WARNING: If a serviceability tool is in use, please run with -XX:+EnableDynamicAgentLoading to hide this warning
WARNING: If a serviceability tool is not in use, please run with -Djdk.instrument.traceUsage for more information
WARNING: Dynamic loading of agents will be disallowed by default in a future release
]]></system-err>
  </testcase>
</testsuite>