<?xml version="1.0" encoding="UTF-8"?>
<testsuite xmlns:xsi="http://www.w3.org/2001/XMLSchema-instance" xsi:noNamespaceSchemaLocation="https://maven.apache.org/surefire/maven-surefire-plugin/xsd/surefire-test-report.xsd" version="3.0.2" name="ru.alligator.employee.EmployeeApplicationTests" time="21.192" tests="1" errors="0" skipped="0" failures="0">
  <properties>
[...]
</properties>
  <testcase name="contextLoads" classname="ru.alligator.employee.EmployeeApplicationTests" time="0.93">
    <system-out><![CDATA[22:42:52.576 [main] INFO org.springframework.test.context.support.AnnotationConfigContextLoaderUtils -- Could not detect default configuration classes for test class [ru.alligator.employee.EmployeeApplicationTests]: EmployeeApplicationTests does not declare any static, non-private, non-final, nested classes annotated with @Configuration.
22:42:52.863 [main] INFO org.springframework.boot.test.context.SpringBootTestContextBootstrapper -- Found @SpringBootConfiguration ru.alligator.employee.EmployeeApplication for test class ru.alligator.employee.EmployeeApplicationTests

  .   ____          _            __ _ _
 /\\ / ___'_ __ _ _(_)_ __  __ _ \ \ \ \
( ( )\___ | '_ | '_| | '_ \/ _` | \ \ \ \
 \\/  ___)| |_)| | | | | || (_| |  ) ) ) )
  '  |____| .__|_| |_|_| |_\__, | / / / /
 =========|_|==============|___/=/_/_/_/

 :: Spring Boot ::                (v3.5.6)

2025-10-07T22:42:53.739+03:00  INFO 83536 --- [employee] [           main] r.a.employee.EmployeeApplicationTests    : Starting EmployeeApplicationTests using Java 21.0.8 with PID 83536 (started by misha in /home/misha/employee)
2025-10-07T22:42:53.743+03:00  INFO 83536 --- [employee] [           main] r.a.employee.EmployeeApplicationTests    : The following 1 profile is active: "test"
2025-10-07T22:42:55.581+03:00  INFO 83536 --- [employee] [           main] .s.d.r.c.RepositoryConfigurationDelegate : Bootstrapping Spring Data JPA repositories in DEFAULT mode.
2025-10-07T22:42:55.619+03:00  INFO 83536 --- [employee] [           main] .s.d.r.c.RepositoryConfigurationDelegate : Finished Spring Data repository scanning in 22 ms. Found 0 JPA repository interfaces.
2025-10-07T22:42:56.435+03:00  INFO 83536 --- [employee] [           main] com.zaxxer.hikari.HikariDataSource       : HikariPool-1 - Starting...
2025-10-07T22:42:56.608+03:00  INFO 83536 --- [employee] [           main] org.testcontainers.images.PullPolicy     : Image pull policy will be performed by: DefaultPullPolicy()
2025-10-07T22:42:56.614+03:00  INFO 83536 --- [employee] [           main] o.t.utility.ImageNameSubstitutor         : Image name substitution will be performed by: DefaultImageNameSubstitutor (composite of 'ConfigurationFileImageNameSubstitutor' and 'PrefixingImageNameSubstitutor')
2025-10-07T22:42:56.634+03:00  INFO 83536 --- [employee] [           main] org.testcontainers.DockerClientFactory   : Testcontainers version: 1.21.3
2025-10-07T22:42:56.929+03:00  INFO 83536 --- [employee] [           main] o.t.d.DockerClientProviderStrategy       : Loaded org.testcontainers.dockerclient.UnixSocketClientProviderStrategy from ~/.testcontainers.properties, will try it first
2025-10-07T22:42:57.859+03:00  INFO 83536 --- [employee] [           main] o.t.d.DockerClientProviderStrategy       : Found Docker environment with local Unix socket (unix:///var/run/docker.sock)
2025-10-07T22:42:57.861+03:00  INFO 83536 --- [employee] [           main] org.testcontainers.DockerClientFactory   : Docker host IP address is localhost
2025-10-07T22:42:57.966+03:00  INFO 83536 --- [employee] [           main] org.testcontainers.DockerClientFactory   : Connected to docker: 
  Server Version: 28.1.1
  API Version: 1.49
  Operating System: Ubuntu 22.04.5 LTS
  Total Memory: 4753 MB
2025-10-07T22:42:58.171+03:00  INFO 83536 --- [employee] [           main] tc.testcontainers/ryuk:0.12.0            : Creating container for image: testcontainers/ryuk:0.12.0
2025-10-07T22:42:58.183+03:00  INFO 83536 --- [employee] [           main] o.t.utility.RegistryAuthLocator          : Failure when attempting to lookup auth config. Please ignore if you don't have images in an authenticated registry. Details: (dockerImageName: testcontainers/ryuk:0.12.0, configFile: /home/misha/.docker/config.json, configEnv: DOCKER_AUTH_CONFIG). Falling back to docker-java default behaviour. Exception message: Status 404: No config supplied. Checked in order: /home/misha/.docker/config.json (file not found), DOCKER_AUTH_CONFIG (not set)
2025-10-07T22:42:58.497+03:00  INFO 83536 --- [employee] [           main] tc.testcontainers/ryuk:0.12.0            : Container testcontainers/ryuk:0.12.0 is starting: 826580348a9004ce34d7fae281c55b2391d4ac3cc1322bbfae539d491d2b3ab7
2025-10-07T22:42:59.505+03:00  INFO 83536 --- [employee] [           main] tc.testcontainers/ryuk:0.12.0            : Container testcontainers/ryuk:0.12.0 started in PT1.332810091S
2025-10-07T22:42:59.531+03:00  INFO 83536 --- [employee] [           main] o.t.utility.RyukResourceReaper           : Ryuk started - will monitor and terminate Testcontainers containers on JVM exit
2025-10-07T22:42:59.532+03:00  INFO 83536 --- [employee] [           main] org.testcontainers.DockerClientFactory   : Checking the system...
2025-10-07T22:42:59.533+03:00  INFO 83536 --- [employee] [           main] org.testcontainers.DockerClientFactory   : ✔︎ Docker server version should be at least 1.6.0
2025-10-07T22:42:59.535+03:00  INFO 83536 --- [employee] [           main] tc.postgres:15                           : Creating container for image: postgres:15
2025-10-07T22:42:59.708+03:00  INFO 83536 --- [employee] [           main] tc.postgres:15                           : Container postgres:15 is starting: 6b63f51fc0abb5d032ed675026a7095afed4e0f860cd808c78245c4a453c3e87
2025-10-07T22:43:02.392+03:00  INFO 83536 --- [employee] [           main] tc.postgres:15                           : Container postgres:15 started in PT2.857283273S
2025-10-07T22:43:02.394+03:00  INFO 83536 --- [employee] [           main] tc.postgres:15                           : Container is started (JDBC URL: jdbc:postgresql://localhost:32769/test?loggerLevel=OFF)
2025-10-07T22:43:02.830+03:00  INFO 83536 --- [employee] [           main] com.zaxxer.hikari.pool.HikariPool        : HikariPool-1 - Added connection org.testcontainers.jdbc.ConnectionWrapper@6d31f14
2025-10-07T22:43:02.834+03:00  INFO 83536 --- [employee] [           main] com.zaxxer.hikari.HikariDataSource       : HikariPool-1 - Start completed.
2025-10-07T22:43:03.152+03:00  INFO 83536 --- [employee] [           main] liquibase.database                       : Set default schema name to public
2025-10-07T22:43:04.047+03:00  INFO 83536 --- [employee] [           main] liquibase.changelog                      : Creating database history table with name: public.databasechangelog
2025-10-07T22:43:04.121+03:00  INFO 83536 --- [employee] [           main] liquibase.changelog                      : Reading from public.databasechangelog
2025-10-07T22:43:04.168+03:00  INFO 83536 --- [employee] [           main] liquibase.snapshot                       : Creating snapshot
2025-10-07T22:43:04.404+03:00  INFO 83536 --- [employee] [           main] liquibase.lockservice                    : Successfully acquired change log lock
2025-10-07T22:43:04.408+03:00  INFO 83536 --- [employee] [           main] liquibase.command                        : Using deploymentId: 9866176371
2025-10-07T22:43:04.415+03:00  INFO 83536 --- [employee] [           main] liquibase.changelog                      : Reading from public.databasechangelog
2025-10-07T22:43:04.509+03:00  INFO 83536 --- [employee] [           main] liquibase.ui                             : Running Changeset: db/changelog/v1_init_database_schema.sql::1719839383701-1::Admin
2025-10-07T22:43:04.541+03:00  INFO 83536 --- [employee] [           main] liquibase.changelog                      : Custom SQL executed
2025-10-07T22:43:04.543+03:00  INFO 83536 --- [employee] [           main] liquibase.changelog                      : ChangeSet db/changelog/v1_init_database_schema.sql::1719839383701-1::Admin ran successfully in 32ms
2025-10-07T22:43:04.560+03:00  INFO 83536 --- [employee] [           main] liquibase.ui                             : Running Changeset: db/changelog/v1_init_database_schema.sql::1719839383701-2::Admin
2025-10-07T22:43:04.580+03:00  INFO 83536 --- [employee] [           main] liquibase.changelog                      : Custom SQL executed
2025-10-07T22:43:04.582+03:00  INFO 83536 --- [employee] [           main] liquibase.changelog                      : ChangeSet db/changelog/v1_init_database_schema.sql::1719839383701-2::Admin ran successfully in 21ms
2025-10-07T22:43:04.590+03:00  INFO 83536 --- [employee] [           main] liquibase.ui                             : Running Changeset: db/changelog/v1_init_database_schema.sql::1719839383701-3::Admin
2025-10-07T22:43:04.600+03:00  INFO 83536 --- [employee] [           main] liquibase.changelog                      : Custom SQL executed
2025-10-07T22:43:04.602+03:00  INFO 83536 --- [employee] [           main] liquibase.changelog                      : ChangeSet db/changelog/v1_init_database_schema.sql::1719839383701-3::Admin ran successfully in 11ms
2025-10-07T22:43:04.608+03:00  INFO 83536 --- [employee] [           main] liquibase.ui                             : Running Changeset: db/changelog/v1_init_database_schema.sql::1719839383701-4::Admin
2025-10-07T22:43:04.616+03:00  INFO 83536 --- [employee] [           main] liquibase.changelog                      : Custom SQL executed
2025-10-07T22:43:04.618+03:00  INFO 83536 --- [employee] [           main] liquibase.changelog                      : ChangeSet db/changelog/v1_init_database_schema.sql::1719839383701-4::Admin ran successfully in 9ms
2025-10-07T22:43:04.624+03:00  INFO 83536 --- [employee] [           main] liquibase.ui                             : Running Changeset: db/changelog/v1_init_database_schema.sql::1719839383701-5::Admin
2025-10-07T22:43:04.640+03:00  INFO 83536 --- [employee] [           main] liquibase.changelog                      : Custom SQL executed
2025-10-07T22:43:04.641+03:00  INFO 83536 --- [employee] [           main] liquibase.changelog                      : ChangeSet db/changelog/v1_init_database_schema.sql::1719839383701-5::Admin ran successfully in 16ms
2025-10-07T22:43:04.681+03:00  INFO 83536 --- [employee] [           main] liquibase.util                           : UPDATE SUMMARY
2025-10-07T22:43:04.684+03:00  INFO 83536 --- [employee] [           main] liquibase.util                           : Run:                          5
2025-10-07T22:43:04.684+03:00  INFO 83536 --- [employee] [           main] liquibase.util                           : Previously run:               0
2025-10-07T22:43:04.684+03:00  INFO 83536 --- [employee] [           main] liquibase.util                           : Filtered out:                 0
2025-10-07T22:43:04.684+03:00  INFO 83536 --- [employee] [           main] liquibase.util                           : -------------------------------
2025-10-07T22:43:04.684+03:00  INFO 83536 --- [employee] [           main] liquibase.util                           : Total change sets:            5
2025-10-07T22:43:04.686+03:00  INFO 83536 --- [employee] [           main] liquibase.util                           : Update summary generated
2025-10-07T22:43:04.695+03:00  INFO 83536 --- [employee] [           main] liquibase.command                        : Update command completed successfully.
2025-10-07T22:43:04.696+03:00  INFO 83536 --- [employee] [           main] liquibase.ui                             : Liquibase: Update has been successful. Rows affected: 5
2025-10-07T22:43:04.704+03:00  INFO 83536 --- [employee] [           main] liquibase.lockservice                    : Successfully released change log lock
2025-10-07T22:43:04.709+03:00  INFO 83536 --- [employee] [           main] liquibase.command                        : Command execution complete
2025-10-07T22:43:06.248+03:00  INFO 83536 --- [employee] [           main] o.hibernate.jpa.internal.util.LogHelper  : HHH000204: Processing PersistenceUnitInfo [name: default]
2025-10-07T22:43:06.528+03:00  INFO 83536 --- [employee] [           main] org.hibernate.Version                    : HHH000412: Hibernate ORM core version 6.6.29.Final
2025-10-07T22:43:06.647+03:00  INFO 83536 --- [employee] [           main] o.h.c.internal.RegionFactoryInitiator    : HHH000026: Second-level cache disabled
2025-10-07T22:43:07.609+03:00  INFO 83536 --- [employee] [           main] o.s.o.j.p.SpringPersistenceUnitInfo      : No LoadTimeWeaver setup: ignoring JPA class transformer
2025-10-07T22:43:07.753+03:00  WARN 83536 --- [employee] [           main] org.hibernate.orm.deprecation            : HHH90000025: PostgreSQLDialect does not need to be specified explicitly using 'hibernate.dialect' (remove the property setting and it will be selected by default)
2025-10-07T22:43:07.793+03:00  INFO 83536 --- [employee] [           main] org.hibernate.orm.connections.pooling    : HHH10001005: Database info:
	Database JDBC URL [Connecting through datasource 'HikariDataSource (HikariPool-1)']
	Database driver: undefined/unknown
	Database version: 15.14
	Autocommit mode: undefined/unknown
	Isolation level: undefined/unknown
	Minimum pool size: undefined/unknown
	Maximum pool size: undefined/unknown
2025-10-07T22:43:09.717+03:00  INFO 83536 --- [employee] [           main] o.h.e.t.j.p.i.JtaPlatformInitiator       : HHH000489: No JTA platform available (set 'hibernate.transaction.jta.platform' to enable JTA platform integration)
2025-10-07T22:43:09.796+03:00  INFO 83536 --- [employee] [           main] j.LocalContainerEntityManagerFactoryBean : Initialized JPA EntityManagerFactory for persistence unit 'default'
2025-10-07T22:43:10.201+03:00  WARN 83536 --- [employee] [           main] JpaBaseConfiguration$JpaWebConfiguration : spring.jpa.open-in-view is enabled by default. Therefore, database queries may be performed during view rendering. Explicitly configure spring.jpa.open-in-view to disable this warning
2025-10-07T22:43:11.909+03:00  INFO 83536 --- [employee] [           main] o.s.b.a.e.web.EndpointLinksResolver      : Exposing 1 endpoint beneath base path '/actuator'
2025-10-07T22:43:12.117+03:00  INFO 83536 --- [employee] [           main] r.a.employee.EmployeeApplicationTests    : Started EmployeeApplicationTests in 18.931 seconds (process running for 21.261)
]]></system-out>
    <system-err><![CDATA[Mockito is currently self-attaching to enable the inline-mock-maker. This will no longer work in future releases of the JDK. Please add Mockito as an agent to your build as described in Mockito's documentation: https://javadoc.io/doc/org.mockito/mockito-core/latest/org.mockito/org/mockito/Mockito.html#0.3
WARNING: A Java agent has been loaded dynamically (/home/misha/.m2/repository/net/bytebuddy/byte-buddy-agent/1.17.7/byte-buddy-agent-1.17.7.jar)
WARNING: If a serviceability tool is in use, please run with -XX:+EnableDynamicAgentLoading to hide this warning
WARNING: If a serviceability tool is not in use, please run with -Djdk.instrument.traceUsage for more information
WARNING: Dynamic loading of agents will be disallowed by default in a future release
]]></system-err>
  </testcase>
</testsuite>